<?xml version="1.0" encoding="UTF-8"?>
<!-- Generated by org.testng.reporters.JUnitReportReporter -->
<testsuite hostname="MSI" failures="0" tests="1" name="com.testng.training.Test1" time="0.001" errors="0" timestamp="07 Sep 2024 14:20:44 GMT" skipped="0">
  <testcase classname="com.testng.training.Test1" name="f" time="0.001"/>
</testsuite> <!-- com.testng.training.Test1 -->
