<?xml version="1.0" encoding="UTF-8"?>
<!-- Generated by org.testng.reporters.JUnitReportReporter -->
<testsuite hostname="MSI" failures="0" tests="2" name="com.testng.training.NewTest2" time="0.006" errors="0" timestamp="09 Sep 2024 23:25:28 GMT" skipped="0">
  <testcase classname="com.testng.training.NewTest2" name="test2" time="0.004"/>
  <testcase classname="com.testng.training.NewTest2" name="test1" time="0.002"/>
</testsuite> <!-- com.testng.training.NewTest2 -->
