<?xml version="1.0" encoding="UTF-8"?>
<!-- Generated by org.testng.reporters.JUnitReportReporter -->
<testsuite hostname="MSI" failures="0" tests="2" name="com.testng.training.TestNGExample" time="0.005" errors="0" timestamp="07 Sep 2024 15:43:23 GMT" skipped="0">
  <testcase classname="com.testng.training.TestNGExample" name="test1" time="0.004"/>
  <testcase classname="com.testng.training.TestNGExample" name="test2" time="0.001"/>
</testsuite> <!-- com.testng.training.TestNGExample -->
